<?xml version="1.0" encoding="UTF-8"?>
<testsuite name="org.hyperledger.fabric.samples.assettransfer.AssetTest" tests="1" skipped="0" failures="0" errors="0" timestamp="2021-12-01T16:53:51" hostname="shubham-VirtualBox" time="0.963">
  <properties/>
  <testcase name="toStringIdentifiesAsset()" classname="org.hyperledger.fabric.samples.assettransfer.AssetTest" time="0.963"/>
  <system-out><![CDATA[]]></system-out>
  <system-err><![CDATA[]]></system-err>
</testsuite>
