<?xml version="1.0" encoding="UTF-8"?>
<testsuite name="org.hyperledger.fabric.samples.assettransfer.AssetTransferTest$DeleteAssetTransaction" tests="1" skipped="0" failures="0" errors="0" timestamp="2021-12-01T16:53:58" hostname="shubham-VirtualBox" time="0.02">
  <properties/>
  <testcase name="whenAssetDoesNotExist()" classname="org.hyperledger.fabric.samples.assettransfer.AssetTransferTest$DeleteAssetTransaction" time="0.02"/>
  <system-out><![CDATA[Asset asset1 does not exist
]]></system-out>
  <system-err><![CDATA[]]></system-err>
</testsuite>
